<?xml version="1.0" encoding="UTF-8"?>
<testng-results ignored="0" total="1" passed="1" failed="0" skipped="0">
  <reporter-output>
  </reporter-output>
  <suite started-at="2025-04-13T14:40:15 IST" name="Test Suite" finished-at="2025-04-13T14:40:18 IST" duration-ms="2658">
    <groups>
    </groups>
    <test started-at="2025-04-13T14:40:15 IST" name="Test" finished-at="2025-04-13T14:40:18 IST" duration-ms="2658">
      <class name="fakestoreapi.APItests">
        <test-method is-config="true" signature="driversetup()[pri:0, instance:fakestoreapi.APItests@1aa7ecca]" started-at="2025-04-13T14:40:15 IST" name="driversetup" finished-at="2025-04-13T14:40:17 IST" duration-ms="2035" status="PASS">
          <reporter-output>
          </reporter-output>
        </test-method> <!-- driversetup -->
        <test-method signature="baseURL()[pri:0, instance:fakestoreapi.APItests@1aa7ecca]" started-at="2025-04-13T14:40:17 IST" name="baseURL" finished-at="2025-04-13T14:40:18 IST" duration-ms="583" status="PASS">
          <reporter-output>
          </reporter-output>
        </test-method> <!-- baseURL -->
      </class> <!-- fakestoreapi.APItests -->
    </test> <!-- Test -->
  </suite> <!-- Test Suite -->
</testng-results>
