<?xml version="1.0" encoding="UTF-8"?>
<testng-results ignored="0" total="1" passed="1" failed="0" skipped="0">
  <reporter-output>
  </reporter-output>
  <suite started-at="2025-04-13T16:05:38 IST" name="Default suite" finished-at="2025-04-13T16:05:40 IST" duration-ms="1536">
    <groups>
    </groups>
    <test started-at="2025-04-13T16:05:38 IST" name="Default test" finished-at="2025-04-13T16:05:40 IST" duration-ms="1536">
      <class name="fakestoreapi.APItests">
        <test-method is-config="true" signature="baseURL()[pri:0, instance:fakestoreapi.APItests@1573f9fc]" started-at="2025-04-13T16:05:38 IST" name="baseURL" finished-at="2025-04-13T16:05:38 IST" duration-ms="248" status="PASS">
          <reporter-output>
          </reporter-output>
        </test-method> <!-- baseURL -->
        <test-method signature="putproduct()[pri:0, instance:fakestoreapi.APItests@1573f9fc]" started-at="2025-04-13T16:05:38 IST" name="putproduct" finished-at="2025-04-13T16:05:40 IST" duration-ms="1263" status="PASS">
          <reporter-output>
          </reporter-output>
        </test-method> <!-- putproduct -->
      </class> <!-- fakestoreapi.APItests -->
    </test> <!-- Default test -->
  </suite> <!-- Default suite -->
</testng-results>
